<?xml version="1.0" encoding="UTF-8"?>
<!-- Generated by org.testng.reporters.JUnitReportReporter -->
<testsuite skipped="0" hostname="Users-Device.local" name="com.cucumber.runner.RunCuke" tests="1" failures="0" timestamp="2020-03-12T15:11:23 EDT" time="0.124" errors="0">
  <testcase name="feature" time="0.124" classname="com.cucumber.runner.RunCuke"/>
</testsuite> <!-- com.cucumber.runner.RunCuke -->
